<?xml version="1.0" encoding="UTF-8"?>
<testsuite name="Cucumber" time="7.261" tests="10" skipped="0" failures="0" errors="0">
<testcase classname="Google Search" name="Search for a term" time="3.496">
<system-out><![CDATA[
Given I am on the Google search page........................................passed
When I search for "GitHub"..................................................passed
Then I should see "GitHub" in the results...................................passed
]]></system-out>
</testcase>
<testcase classname="Key Presses" name="Press the ENTER key" time="1.034">
<system-out><![CDATA[
Given the user is on the Key Presses page...................................passed
When the user presses the "ENTER" key.......................................passed
Then the result should show "You entered: ENTER"............................passed
]]></system-out>
</testcase>
<testcase classname="Key Presses" name="Press the TAB key" time="0.271">
<system-out><![CDATA[
Given the user is on the Key Presses page...................................passed
When the user presses the "TAB" key.........................................passed
Then the result should show "You entered: TAB"..............................passed
]]></system-out>
</testcase>
<testcase classname="Key Presses" name="Press the ESCAPE key" time="0.381">
<system-out><![CDATA[
Given the user is on the Key Presses page...................................passed
When the user presses the "ESCAPE" key......................................passed
Then the result should show "You entered: ESCAPE"...........................passed
]]></system-out>
</testcase>
<testcase classname="Key Presses" name="Press the letter A" time="0.418">
<system-out><![CDATA[
Given the user is on the Key Presses page...................................passed
When the user presses the "A" key...........................................passed
Then the result should show "You entered: A"................................passed
]]></system-out>
</testcase>
<testcase classname="Key Presses" name="Press the SPACE key" time="0.266">
<system-out><![CDATA[
Given the user is on the Key Presses page...................................passed
When the user presses the "SPACE" key.......................................passed
Then the result should show "You entered: SPACE"............................passed
]]></system-out>
</testcase>
<testcase classname="Key Presses" name="Press multiple keys and verify result - #1.1" time="0.239">
<system-out><![CDATA[
Given the user is on the Key Presses page...................................passed
When the user presses the "UP" key..........................................passed
Then the result should show "You entered: UP"...............................passed
]]></system-out>
</testcase>
<testcase classname="Key Presses" name="Press multiple keys and verify result - #1.2" time="0.299">
<system-out><![CDATA[
Given the user is on the Key Presses page...................................passed
When the user presses the "DOWN" key........................................passed
Then the result should show "You entered: DOWN".............................passed
]]></system-out>
</testcase>
<testcase classname="Key Presses" name="Press multiple keys and verify result - #1.3" time="0.262">
<system-out><![CDATA[
Given the user is on the Key Presses page...................................passed
When the user presses the "LEFT" key........................................passed
Then the result should show "You entered: LEFT".............................passed
]]></system-out>
</testcase>
<testcase classname="Key Presses" name="Press multiple keys and verify result - #1.4" time="0.231">
<system-out><![CDATA[
Given the user is on the Key Presses page...................................passed
When the user presses the "RIGHT" key.......................................passed
Then the result should show "You entered: RIGHT"............................passed
]]></system-out>
</testcase>
</testsuite>
