<?xml version="1.0" encoding="UTF-8"?>
<testsuite name="Cucumber" time="5.539" tests="1" skipped="0" failures="0" errors="0">
<testcase classname="Google Search" name="Search for a term" time="5.347">
<system-out><![CDATA[
Given I am on the Google search page........................................passed
When I search for "GitHub"..................................................passed
Then I should see "GitHub" in the results...................................passed
]]></system-out>
</testcase>
</testsuite>
