<?xml version="1.0" encoding="UTF-8"?>
<testsuite xmlns:xsi="http://www.w3.org/2001/XMLSchema-instance" xsi:noNamespaceSchemaLocation="https://maven.apache.org/surefire/maven-surefire-plugin/xsd/surefire-test-report-3.0.xsd" version="3.0" name="TestRunner" time="6.92" tests="1" errors="0" skipped="0" failures="0">
  <properties>
[...]
</properties>
  <testcase name="Search for a term" classname="Google Search" time="5.432">
    <system-out><![CDATA[
Scenario: Search for a term                 # src/test/java/arcn-bdd-lab/features/google_search.feature:3
  Given I am on the Google search page      # arcn_bdd_lab.steps.SearchSteps.i_am_on_the_google_search_page()
  When I search for "GitHub"                # arcn_bdd_lab.steps.SearchSteps.i_search_for(java.lang.String)
  Then I should see "GitHub" in the results # arcn_bdd_lab.steps.SearchSteps.i_should_see_in_the_results(java.lang.String)
]]></system-out>
    <system-err><![CDATA[Mar 08, 2026 4:14:16 AM org.openqa.selenium.devtools.CdpVersionFinder findNearestMatch
WARNING: Unable to find CDP implementation matching 146
Mar 08, 2026 4:14:16 AM org.openqa.selenium.chromium.ChromiumDriver lambda$new$5
WARNING: Unable to find version of CDP to use for 146.0.7680.66. You may need to include a dependency on a specific version of the CDP using something similar to `org.seleniumhq.selenium:selenium-devtools-v86:4.25.0` where the version ("v86") matches the version of the chromium-based browser you're using and the version number of the artifact is the same as Selenium's.
]]></system-err>
  </testcase>
</testsuite>